0 info it worked if it ends with ok
1 verbose cli [ '/Users/igiagante/.nvm/versions/node/v5.0.0/bin/node',
1 verbose cli   '/Users/igiagante/.nvm/versions/node/v5.0.0/bin/npm',
1 verbose cli   'run',
1 verbose cli   'test' ]
2 info using npm@3.3.6
3 info using node@v5.0.0
4 verbose run-script [ 'pretest', 'test', 'posttest' ]
5 info lifecycle libtest@0.0.0-development~pretest: libtest@0.0.0-development
6 silly lifecycle libtest@0.0.0-development~pretest: no script for pretest, continuing
7 info lifecycle libtest@0.0.0-development~test: libtest@0.0.0-development
8 verbose lifecycle libtest@0.0.0-development~test: unsafe-perm in lifecycle true
9 verbose lifecycle libtest@0.0.0-development~test: PATH: /Users/igiagante/.nvm/versions/node/v5.0.0/lib/node_modules/npm/bin/node-gyp-bin:/Users/igiagante/projects/libtest/node_modules/.bin:/Users/igiagante/projects/libtest/node_modules/.bin:/Applications/Xcode.app/Contents/Developer/usr/libexec/git-core:/Users/igiagante/Library/Android/sdk/platform-tools:/Users/igiagante/Library/Android/sdk/tools:/Users/igiagante/.nvm/versions/node/v5.0.0/bin:/usr/local/bin:/usr/bin:/bin:/usr/sbin:/sbin:/Users/igiagante/.rvm/bin
10 verbose lifecycle libtest@0.0.0-development~test: CWD: /Users/igiagante/projects/libtest
11 silly lifecycle libtest@0.0.0-development~test: Args: [ '-c', 'mocha src/index.test.js' ]
12 silly lifecycle libtest@0.0.0-development~test: Returned: code: 1  signal: null
13 info lifecycle libtest@0.0.0-development~test: Failed to exec test script
14 verbose stack Error: libtest@0.0.0-development test: `mocha src/index.test.js`
14 verbose stack Exit status 1
14 verbose stack     at EventEmitter.<anonymous> (/Users/igiagante/.nvm/versions/node/v5.0.0/lib/node_modules/npm/lib/utils/lifecycle.js:233:16)
14 verbose stack     at emitTwo (events.js:87:13)
14 verbose stack     at EventEmitter.emit (events.js:172:7)
14 verbose stack     at ChildProcess.<anonymous> (/Users/igiagante/.nvm/versions/node/v5.0.0/lib/node_modules/npm/lib/utils/spawn.js:24:14)
14 verbose stack     at emitTwo (events.js:87:13)
14 verbose stack     at ChildProcess.emit (events.js:172:7)
14 verbose stack     at maybeClose (internal/child_process.js:818:16)
14 verbose stack     at Process.ChildProcess._handle.onexit (internal/child_process.js:211:5)
15 verbose pkgid libtest@0.0.0-development
16 verbose cwd /Users/igiagante/projects/libtest
17 error Darwin 16.4.0
18 error argv "/Users/igiagante/.nvm/versions/node/v5.0.0/bin/node" "/Users/igiagante/.nvm/versions/node/v5.0.0/bin/npm" "run" "test"
19 error node v5.0.0
20 error npm  v3.3.6
21 error code ELIFECYCLE
22 error libtest@0.0.0-development test: `mocha src/index.test.js`
22 error Exit status 1
23 error Failed at the libtest@0.0.0-development test script 'mocha src/index.test.js'.
23 error This is most likely a problem with the libtest package,
23 error not with npm itself.
23 error Tell the author that this fails on your system:
23 error     mocha src/index.test.js
23 error You can get their info via:
23 error     npm owner ls libtest
23 error There is likely additional logging output above.
24 verbose exit [ 1, true ]
